<?xml version="1.0" encoding="UTF-8"?>
<!-- Generated by org.testng.reporters.JUnitReportReporter -->
<testsuite hostname="DESKTOP-3R8SECT" failures="0" tests="2" name="com.Phptravels.com.Customer.CustomerLogin" time="54.043" errors="0" timestamp="2023-08-14T16:50:42 IST" skipped="0">
  <testcase classname="com.Phptravels.com.Customer.CustomerLogin" name="valid_log" time="37.339"/>
  <system-out/>
  <testcase classname="com.Phptravels.com.Customer.CustomerLogin" name="invalid_login" time="16.704"/>
  <system-out/>
</testsuite> <!-- com.Phptravels.com.Customer.CustomerLogin -->
