<?xml version="1.0" encoding="UTF-8"?>
<!-- Generated by org.testng.reporters.JUnitReportReporter -->
<testsuite hostname="DESKTOP-3R8SECT" failures="0" tests="3" name="com.Phptravels.com.Agent.AgentDashboard" time="21.235" errors="0" timestamp="2023-08-08T11:50:59 IST" skipped="0">
  <testcase classname="com.Phptravels.com.Agent.AgentDashboard" name="myBookings_LinkVerification" time="5.675"/>
  <system-out/>
  <testcase classname="com.Phptravels.com.Agent.AgentDashboard" name="myProfile_LinkVerification" time="8.544"/>
  <system-out/>
  <testcase classname="com.Phptravels.com.Agent.AgentDashboard" name="logout_LinkVerification" time="7.016"/>
  <system-out/>
</testsuite> <!-- com.Phptravels.com.Agent.AgentDashboard -->
