<?xml version="1.0" encoding="UTF-8"?>
<!-- Generated by org.testng.reporters.JUnitReportReporter -->
<testsuite hostname="DESKTOP-3R8SECT" failures="0" tests="1" name="com.Phptravels.com.Admin.DisplayPaid" time="14.958" errors="0" timestamp="2023-08-08T12:48:41 IST" skipped="0">
  <testcase classname="com.Phptravels.com.Admin.DisplayPaid" name="displayPaid" time="14.958"/>
  <system-out/>
</testsuite> <!-- com.Phptravels.com.Admin.DisplayPaid -->
