<?xml version="1.0" encoding="UTF-8"?>
<!-- Generated by org.testng.reporters.JUnitReportReporter -->
<testsuite hostname="DESKTOP-3R8SECT" failures="0" tests="2" name="com.Phptravels.Agent.AgentLogin" time="49.502" errors="0" timestamp="2023-07-12T20:22:42 IST" skipped="0">
  <testcase classname="com.Phptravels.Agent.AgentLogin" name="valid_log" time="32.877"/>
  <system-out/>
  <testcase classname="com.Phptravels.Agent.AgentLogin" name="invalid_log" time="16.625"/>
  <system-out/>
</testsuite> <!-- com.Phptravels.Agent.AgentLogin -->
