<?xml version="1.0" encoding="UTF-8"?>
<!-- Generated by org.testng.reporters.JUnitReportReporter -->
<testsuite hostname="DESKTOP-3R8SECT" failures="0" tests="2" name="com.Phptravels.com.Admin.AdminLogin" time="32.788" errors="0" timestamp="2023-08-08T12:27:12 IST" skipped="0">
  <testcase classname="com.Phptravels.com.Admin.AdminLogin" name="valid_log" time="14.789"/>
  <system-out/>
  <testcase classname="com.Phptravels.com.Admin.AdminLogin" name="invalid_log" time="17.999"/>
  <system-out/>
</testsuite> <!-- com.Phptravels.com.Admin.AdminLogin -->
