<?xml version="1.0" encoding="UTF-8"?>
<!-- Generated by org.testng.reporters.JUnitReportReporter -->
<testsuite hostname="DESKTOP-3R8SECT" failures="0" tests="4" name="com.Phptravels.com.Customer.CustomerDashboard" time="22.607" errors="0" timestamp="2023-08-14T17:16:10 IST" skipped="0">
  <testcase classname="com.Phptravels.com.Customer.CustomerDashboard" name="dashboard_LinkVerification" time="3.528"/>
  <system-out/>
  <testcase classname="com.Phptravels.com.Customer.CustomerDashboard" name="myBookings_LinkVerification" time="5.443"/>
  <system-out/>
  <testcase classname="com.Phptravels.com.Customer.CustomerDashboard" name="myProfile_LinkVerification" time="6.899"/>
  <system-out/>
  <testcase classname="com.Phptravels.com.Customer.CustomerDashboard" name="logout_LinkVerification" time="6.737"/>
  <system-out/>
</testsuite> <!-- com.Phptravels.com.Customer.CustomerDashboard -->
