<?xml version="1.0" encoding="UTF-8"?>
<!-- Generated by org.testng.reporters.JUnitReportReporter -->
<testsuite hostname="DESKTOP-3R8SECT" failures="0" tests="1" name="com.Phptravels.com.Customer.Profile_Update" time="13.414" errors="0" timestamp="2023-08-07T18:05:16 IST" skipped="0">
  <testcase classname="com.Phptravels.com.Customer.Profile_Update" name="updateProfile" time="13.414"/>
  <system-out/>
</testsuite> <!-- com.Phptravels.com.Customer.Profile_Update -->
