<?xml version="1.0" encoding="UTF-8"?>
<!-- Generated by org.testng.reporters.JUnitReportReporter -->
<testsuite hostname="DESKTOP-3R8SECT" failures="0" tests="4" name="com.Phptravels.com.Supplier.SupplierDashboard" time="27.315" errors="0" timestamp="2023-07-14T08:38:08 IST" skipped="0">
  <testcase classname="com.Phptravels.com.Supplier.SupplierDashboard" name="dashboard_LinkVerification" time="3.404"/>
  <system-out/>
  <testcase classname="com.Phptravels.com.Supplier.SupplierDashboard" name="myBookings_LinkVerification" time="7.422"/>
  <system-out/>
  <testcase classname="com.Phptravels.com.Supplier.SupplierDashboard" name="myProfile_LinkVerification" time="7.222"/>
  <system-out/>
  <testcase classname="com.Phptravels.com.Supplier.SupplierDashboard" name="logout_LinkVerification" time="9.267"/>
  <system-out/>
</testsuite> <!-- com.Phptravels.com.Supplier.SupplierDashboard -->
