<?xml version="1.0" encoding="UTF-8"?>
<!-- Generated by org.testng.reporters.JUnitReportReporter -->
<testsuite hostname="DESKTOP-3R8SECT" failures="0" tests="1" name="com.Phptravels.com.Agent.Currency" time="6.868" errors="0" timestamp="2023-08-08T12:17:14 IST" skipped="0">
  <testcase classname="com.Phptravels.com.Agent.Currency" name="update_currency" time="6.868"/>
  <system-out/>
</testsuite> <!-- com.Phptravels.com.Agent.Currency -->
