<?xml version="1.0" encoding="UTF-8"?>
<!-- Generated by org.testng.reporters.JUnitReportReporter -->
<testsuite hostname="DESKTOP-3R8SECT" failures="0" tests="1" name="com.Phptravels.com.Admin.DeleteCancelled" time="0.104" errors="0" timestamp="2023-08-03T15:05:44 IST" skipped="0">
  <testcase classname="com.Phptravels.com.Admin.DeleteCancelled" name="access_list" time="0.104"/>
  <system-out/>
</testsuite> <!-- com.Phptravels.com.Admin.DeleteCancelled -->
