<?xml version="1.0" encoding="UTF-8"?>
<!-- Generated by org.testng.reporters.JUnitReportReporter -->
<testsuite hostname="DESKTOP-3R8SECT" failures="0" tests="4" name="com.Phptravels.Agent.AgentDashboard" time="22.608" errors="0" timestamp="2023-07-14T07:38:19 IST" skipped="0">
  <testcase classname="com.Phptravels.Agent.AgentDashboard" name="dashboard_LinkVerification" time="3.495"/>
  <system-out/>
  <testcase classname="com.Phptravels.Agent.AgentDashboard" name="myBookings_LinkVerification" time="6.269"/>
  <system-out/>
  <testcase classname="com.Phptravels.Agent.AgentDashboard" name="myProfile_LinkVerification" time="6.950"/>
  <system-out/>
  <testcase classname="com.Phptravels.Agent.AgentDashboard" name="logout_LinkVerification" time="5.894"/>
  <system-out/>
</testsuite> <!-- com.Phptravels.Agent.AgentDashboard -->
