<?xml version="1.0" encoding="UTF-8"?>
<!-- Generated by org.testng.reporters.JUnitReportReporter -->
<testsuite hostname="DESKTOP-3R8SECT" failures="0" tests="1" name="com.Phptravels.com.Admin.BookingStatus" time="23.307" errors="0" timestamp="2023-08-17T05:39:57 IST" skipped="0">
  <testcase classname="com.Phptravels.com.Admin.BookingStatus" name="pendingToConfirmed" time="23.307"/>
  <system-out/>
</testsuite> <!-- com.Phptravels.com.Admin.BookingStatus -->
