<?xml version="1.0" encoding="UTF-8"?>
<!-- Generated by org.testng.reporters.JUnitReportReporter -->
<testsuite hostname="DESKTOP-3R8SECT" failures="0" tests="5" name="com.Phptravels.com.Agent.AgentDashboardLinks" time="45.200" errors="0" timestamp="2023-08-08T12:12:06 IST" skipped="0">
  <testcase classname="com.Phptravels.com.Agent.AgentDashboardLinks" name="hotel_LinkVerification" time="8.279"/>
  <system-out/>
  <testcase classname="com.Phptravels.com.Agent.AgentDashboardLinks" name="flights_LinkVerification" time="8.725"/>
  <system-out/>
  <testcase classname="com.Phptravels.com.Agent.AgentDashboardLinks" name="tours_LinkVerification" time="8.206"/>
  <system-out/>
  <testcase classname="com.Phptravels.com.Agent.AgentDashboardLinks" name="blog_LinkVerification" time="8.541"/>
  <system-out/>
  <testcase classname="com.Phptravels.com.Agent.AgentDashboardLinks" name="home_LinkVerification" time="11.449"/>
  <system-out/>
</testsuite> <!-- com.Phptravels.com.Agent.AgentDashboardLinks -->
